<?xml version="1.0" encoding="UTF-8"?>
<!-- Generated by org.testng.reporters.JUnitReportReporter -->
<testsuite hostname="Alekh" failures="0" tests="1" name="com.affnetz.qa.factory.PlayWrightFactory_T1" time="0.014" errors="0" timestamp="2024-03-21T16:32:25 IST" skipped="0">
  <testcase classname="com.affnetz.qa.factory.PlayWrightFactory_T1" name="login" time="0.014"/>
</testsuite> <!-- com.affnetz.qa.factory.PlayWrightFactory_T1 -->
