<?xml version="1.0" encoding="UTF-8"?>
<!-- Generated by org.testng.reporters.JUnitReportReporter -->
<testsuite hostname="Alekh" failures="0" tests="7" name="com.affnetz.qa.test.PublicDonationTest_T1" time="46.806" errors="0" timestamp="2024-03-15T15:44:31 IST" skipped="0">
  <testcase classname="com.affnetz.qa.test.PublicDonationTest_T1" name="isDonationPage" time="0.061"/>
  <testcase classname="com.affnetz.qa.test.PublicDonationTest_T1" name="fillAllDonorDetails" time="7.777"/>
  <testcase classname="com.affnetz.qa.test.PublicDonationTest_T1" name="setCardDetils" time="1.050"/>
  <testcase classname="com.affnetz.qa.test.PublicDonationTest_T1" name="submitAllDetails" time="2.207"/>
  <testcase classname="com.affnetz.qa.test.PublicDonationTest_T1" name="isDonationDone" time="10.829"/>
  <testcase classname="com.affnetz.qa.test.PublicDonationTest_T1" name="isReciptDownload" time="3.265"/>
  <testcase classname="com.affnetz.qa.test.PublicDonationTest_T1" name="isSuperAdminSeeTheDonorDetails" time="21.617"/>
</testsuite> <!-- com.affnetz.qa.test.PublicDonationTest_T1 -->
