<?xml version="1.0" encoding="UTF-8"?>
<!-- Generated by org.testng.reporters.JUnitReportReporter -->
<testsuite hostname="Alekh" failures="0" tests="8" name="com.affnetz.qa.test.Logintest" time="38.313" errors="0" timestamp="2024-03-15T11:13:15 IST" skipped="0">
  <testcase classname="com.affnetz.qa.test.Logintest" name="checkLoginPage" time="0.263"/>
  <testcase classname="com.affnetz.qa.test.Logintest" name="doLoginWithValidCradential" time="18.697"/>
  <testcase classname="com.affnetz.qa.test.Logintest" name="dologout" time="4.865"/>
  <testcase classname="com.affnetz.qa.test.Logintest" name="doLoginWithInvalidCradentilas" time="0.584"/>
  <testcase classname="com.affnetz.qa.test.Logintest" name="doLoginWithInvalidCradentilas" time="6.737"/>
  <testcase classname="com.affnetz.qa.test.Logintest" name="doLoginWithInvalidCradentilas" time="6.272"/>
  <testcase classname="com.affnetz.qa.test.Logintest" name="doLoginWithInvalidCradentilas" time="0.534"/>
  <testcase classname="com.affnetz.qa.test.Logintest" name="doLoginWithInvalidCradentilas" time="0.361"/>
</testsuite> <!-- com.affnetz.qa.test.Logintest -->
