<?xml version="1.0" encoding="UTF-8"?>
<!-- Generated by org.testng.reporters.JUnitReportReporter -->
<testsuite hostname="Alekh" failures="0" tests="28" name="com.affnetz.qa.test.PublicDonationTest_T1" time="334.931" errors="0" timestamp="2024-03-21T16:46:41 IST" skipped="0">
  <testcase classname="com.affnetz.qa.test.PublicDonationTest_T1" name="launchBrowser" time="21.636"/>
  <testcase classname="com.affnetz.qa.test.PublicDonationTest_T1" name="isDonationPage" time="0.141"/>
  <testcase classname="com.affnetz.qa.test.PublicDonationTest_T1" name="fillAllDonorDetails" time="8.978"/>
  <testcase classname="com.affnetz.qa.test.PublicDonationTest_T1" name="setCardDetils" time="0.517"/>
  <testcase classname="com.affnetz.qa.test.PublicDonationTest_T1" name="submitAllDetails" time="2.340"/>
  <testcase classname="com.affnetz.qa.test.PublicDonationTest_T1" name="isDonationDone" time="15.193"/>
  <testcase classname="com.affnetz.qa.test.PublicDonationTest_T1" name="isReciptDownload" time="3.172"/>
  <testcase classname="com.affnetz.qa.test.PublicDonationTest_T1" name="isSuperAdminSeeTheDonorDetails" time="39.558"/>
  <testcase classname="com.affnetz.qa.test.PublicDonationTest_T1" name="goToPublicTributePage" time="20.126"/>
  <testcase classname="com.affnetz.qa.test.PublicDonationTest_T1" name="clickOneTribute" time="9.468"/>
  <testcase classname="com.affnetz.qa.test.PublicDonationTest_T1" name="clickOnDonateButton" time="3.919"/>
  <testcase classname="com.affnetz.qa.test.PublicDonationTest_T1" name="fillAllDonorDetails_Tribute" time="5.269"/>
  <testcase classname="com.affnetz.qa.test.PublicDonationTest_T1" name="setCardDetils_Tribute" time="0.701"/>
  <testcase classname="com.affnetz.qa.test.PublicDonationTest_T1" name="submitAllDetails_Tribute" time="2.480"/>
  <testcase classname="com.affnetz.qa.test.PublicDonationTest_T1" name="isDonationDone_Tribute" time="11.962"/>
  <testcase classname="com.affnetz.qa.test.PublicDonationTest_T1" name="isReciptDownload_Tribute" time="5.687"/>
  <testcase classname="com.affnetz.qa.test.PublicDonationTest_T1" name="isPublicTributeDonorDetaiShowToSuperAdmin" time="40.691"/>
  <testcase classname="com.affnetz.qa.test.PublicDonationTest_T1" name="isDonorDetailShowInThatParticularTributeDonationSection" time="30.783"/>
  <testcase classname="com.affnetz.qa.test.PublicDonationTest_T1" name="goToPublicCampaignPage" time="14.544"/>
  <testcase classname="com.affnetz.qa.test.PublicDonationTest_T1" name="clickOnCampaign" time="8.272"/>
  <testcase classname="com.affnetz.qa.test.PublicDonationTest_T1" name="clickOnCampDonateButton" time="2.929"/>
  <testcase classname="com.affnetz.qa.test.PublicDonationTest_T1" name="fillAllDonorDetails_Campaign" time="8.687"/>
  <testcase classname="com.affnetz.qa.test.PublicDonationTest_T1" name="setCardDetils_Campaign" time="0.671"/>
  <testcase classname="com.affnetz.qa.test.PublicDonationTest_T1" name="submitAllDetails_Campaign" time="2.194"/>
  <testcase classname="com.affnetz.qa.test.PublicDonationTest_T1" name="isDonationDone_Campaign" time="14.396"/>
  <testcase classname="com.affnetz.qa.test.PublicDonationTest_T1" name="isReciptDownload_Campaign" time="5.717"/>
  <testcase classname="com.affnetz.qa.test.PublicDonationTest_T1" name="isPublicCampaignDonorDetailsIsStoredInDonorReport" time="38.847"/>
  <testcase classname="com.affnetz.qa.test.PublicDonationTest_T1" name="isDonorDetailsIsShowingInThatParticularCampaignDonatiosSection" time="16.053"/>
</testsuite> <!-- com.affnetz.qa.test.PublicDonationTest_T1 -->
