<?xml version="1.0" encoding="UTF-8"?>
<!-- Generated by org.testng.reporters.JUnitReportReporter -->
<testsuite hostname="Alekh" failures="0" tests="8" name="com.affnetz.qa.test.Logintest_T1" time="38.128" errors="0" timestamp="2024-03-21T16:35:20 IST" skipped="0">
  <testcase classname="com.affnetz.qa.test.Logintest_T1" name="checkLoginPage" time="0.615"/>
  <testcase classname="com.affnetz.qa.test.Logintest_T1" name="doLoginWithValidCradential" time="16.840"/>
  <testcase classname="com.affnetz.qa.test.Logintest_T1" name="dologout" time="6.082"/>
  <testcase classname="com.affnetz.qa.test.Logintest_T1" name="doLoginWithInvalidCradentilas" time="0.577"/>
  <testcase classname="com.affnetz.qa.test.Logintest_T1" name="doLoginWithInvalidCradentilas" time="7.018"/>
  <testcase classname="com.affnetz.qa.test.Logintest_T1" name="doLoginWithInvalidCradentilas" time="6.100"/>
  <testcase classname="com.affnetz.qa.test.Logintest_T1" name="doLoginWithInvalidCradentilas" time="0.523"/>
  <testcase classname="com.affnetz.qa.test.Logintest_T1" name="doLoginWithInvalidCradentilas" time="0.373"/>
</testsuite> <!-- com.affnetz.qa.test.Logintest_T1 -->
