<?xml version="1.0" encoding="UTF-8"?>
<!-- Generated by org.testng.reporters.JUnitReportReporter -->
<testsuite hostname="Alekh" failures="0" tests="8" name="com.affnetz.qa.test.Logintest_T1" time="37.161" errors="0" timestamp="2024-03-25T16:38:43 IST" skipped="0">
  <testcase classname="com.affnetz.qa.test.Logintest_T1" name="checkLoginPage" time="0.088"/>
  <testcase classname="com.affnetz.qa.test.Logintest_T1" name="doLoginWithValidCradential" time="18.289"/>
  <testcase classname="com.affnetz.qa.test.Logintest_T1" name="dologout" time="4.862"/>
  <testcase classname="com.affnetz.qa.test.Logintest_T1" name="doLoginWithInvalidCradentilas" time="6.584"/>
  <testcase classname="com.affnetz.qa.test.Logintest_T1" name="doLoginWithInvalidCradentilas" time="0.318"/>
  <testcase classname="com.affnetz.qa.test.Logintest_T1" name="doLoginWithInvalidCradentilas" time="6.370"/>
  <testcase classname="com.affnetz.qa.test.Logintest_T1" name="doLoginWithInvalidCradentilas" time="0.249"/>
  <testcase classname="com.affnetz.qa.test.Logintest_T1" name="doLoginWithInvalidCradentilas" time="0.401"/>
</testsuite> <!-- com.affnetz.qa.test.Logintest_T1 -->
