<?xml version="1.0" encoding="UTF-8"?>
<!-- Generated by org.testng.reporters.JUnitReportReporter -->
<testsuite hostname="Alekh" failures="0" tests="8" name="com.affnetz.qa.test.Logintest_T1" time="32.380" errors="0" timestamp="2024-03-18T13:28:29 IST" skipped="0">
  <testcase classname="com.affnetz.qa.test.Logintest_T1" name="checkLoginPage" time="0.712"/>
  <testcase classname="com.affnetz.qa.test.Logintest_T1" name="doLoginWithValidCradential" time="14.983"/>
  <testcase classname="com.affnetz.qa.test.Logintest_T1" name="dologout" time="4.187"/>
  <testcase classname="com.affnetz.qa.test.Logintest_T1" name="doLoginWithInvalidCradentilas" time="0.530"/>
  <testcase classname="com.affnetz.qa.test.Logintest_T1" name="doLoginWithInvalidCradentilas" time="0.540"/>
  <testcase classname="com.affnetz.qa.test.Logintest_T1" name="doLoginWithInvalidCradentilas" time="5.418"/>
  <testcase classname="com.affnetz.qa.test.Logintest_T1" name="doLoginWithInvalidCradentilas" time="5.757"/>
  <testcase classname="com.affnetz.qa.test.Logintest_T1" name="doLoginWithInvalidCradentilas" time="0.253"/>
</testsuite> <!-- com.affnetz.qa.test.Logintest_T1 -->
