<?xml version="1.0" encoding="UTF-8"?>
<!-- Generated by org.testng.reporters.JUnitReportReporter -->
<testsuite hostname="Alekh" failures="0" tests="8" name="com.affnetz.qa.test.Logintest" time="22.134" errors="0" timestamp="2024-03-28T11:10:04 IST" skipped="0">
  <testcase classname="com.affnetz.qa.test.Logintest" name="checkLoginPage" time="0.074"/>
  <testcase classname="com.affnetz.qa.test.Logintest" name="doLoginWithValidCradential" time="8.551"/>
  <testcase classname="com.affnetz.qa.test.Logintest" name="dologout" time="8.467"/>
  <testcase classname="com.affnetz.qa.test.Logintest" name="doLoginWithInvalidCradentilas" time="0.376"/>
  <testcase classname="com.affnetz.qa.test.Logintest" name="doLoginWithInvalidCradentilas" time="0.167"/>
  <testcase classname="com.affnetz.qa.test.Logintest" name="doLoginWithInvalidCradentilas" time="2.589"/>
  <testcase classname="com.affnetz.qa.test.Logintest" name="doLoginWithInvalidCradentilas" time="0.178"/>
  <testcase classname="com.affnetz.qa.test.Logintest" name="doLoginWithInvalidCradentilas" time="1.732"/>
</testsuite> <!-- com.affnetz.qa.test.Logintest -->
