<?xml version="1.0" encoding="UTF-8"?>
<!-- Generated by org.testng.reporters.JUnitReportReporter -->
<testsuite hostname="Alekh" failures="0" tests="8" name="com.affnetz.qa.test.Logintest_T1" time="33.984" errors="0" timestamp="2024-03-15T13:21:54 IST" skipped="0">
  <testcase classname="com.affnetz.qa.test.Logintest_T1" name="checkLoginPage" time="0.126"/>
  <testcase classname="com.affnetz.qa.test.Logintest_T1" name="doLoginWithValidCradential" time="15.979"/>
  <testcase classname="com.affnetz.qa.test.Logintest_T1" name="dologout" time="4.688"/>
  <testcase classname="com.affnetz.qa.test.Logintest_T1" name="doLoginWithInvalidCradentilas" time="0.377"/>
  <testcase classname="com.affnetz.qa.test.Logintest_T1" name="doLoginWithInvalidCradentilas" time="0.238"/>
  <testcase classname="com.affnetz.qa.test.Logintest_T1" name="doLoginWithInvalidCradentilas" time="5.958"/>
  <testcase classname="com.affnetz.qa.test.Logintest_T1" name="doLoginWithInvalidCradentilas" time="0.769"/>
  <testcase classname="com.affnetz.qa.test.Logintest_T1" name="doLoginWithInvalidCradentilas" time="5.849"/>
</testsuite> <!-- com.affnetz.qa.test.Logintest_T1 -->
